<?xml version="1.0" encoding="UTF-8"?>
<!-- Generated by org.testng.reporters.JUnitReportReporter -->
<testsuite hostname="DEEPAK-LAPTOP" failures="0" tests="2" name="testCases.TC_001_AccountRegistration" time="6.030" errors="0" timestamp="2025-07-19T10:20:55 IST" skipped="0">
  <testcase classname="testCases.TC_001_AccountRegistration" name="verifyAccountRegistration" time="2.876"/>
  <testcase classname="testCases.TC_001_AccountRegistration" name="verifyAccountRegistration" time="3.154"/>
</testsuite> <!-- testCases.TC_001_AccountRegistration -->
