<?xml version="1.0" encoding="UTF-8"?>
<!-- Generated by org.testng.reporters.JUnitReportReporter -->
<testsuite hostname="DEEPAK-LAPTOP" failures="0" tests="2" name="testCases.TC_002_Login" time="3.529" errors="0" timestamp="2025-07-19T10:20:55 IST" skipped="0">
  <testcase classname="testCases.TC_002_Login" name="verifyLogIn" time="1.926"/>
  <testcase classname="testCases.TC_002_Login" name="verifyLogIn" time="1.603"/>
</testsuite> <!-- testCases.TC_002_Login -->
