<?xml version="1.0" encoding="UTF-8"?>
<!-- Generated by org.testng.reporters.JUnitReportReporter -->
<testsuite hostname="DEEPAK-LAPTOP" failures="0" tests="3" name="testCases.TC_001_AccountRegistration" time="37.747" errors="0" timestamp="2025-07-14T21:50:53 IST" skipped="0">
  <testcase classname="testCases.TC_001_AccountRegistration" name="verifyAccountRegistration" time="9.093"/>
  <testcase classname="testCases.TC_001_AccountRegistration" name="verifyAccountRegistration" time="19.902"/>
  <testcase classname="testCases.TC_001_AccountRegistration" name="verifyAccountRegistration" time="8.752"/>
</testsuite> <!-- testCases.TC_001_AccountRegistration -->
