<?xml version="1.0" encoding="UTF-8"?>
<!-- Generated by org.testng.reporters.JUnitReportReporter -->
<testsuite hostname="DEEPAK-LAPTOP" failures="0" tests="1" name="testCases.TC_001_AccountRegistration" time="2.454" errors="0" timestamp="2025-07-17T14:02:19 IST" skipped="0">
  <testcase classname="testCases.TC_001_AccountRegistration" name="verifyAccountRegistration" time="2.454"/>
</testsuite> <!-- testCases.TC_001_AccountRegistration -->
