<?xml version="1.0" encoding="UTF-8"?>
<!-- Generated by org.testng.reporters.JUnitReportReporter -->
<testsuite hostname="DEEPAK-LAPTOP" failures="0" tests="1" name="testCases.TC_002_Login" time="2.294" errors="0" timestamp="2025-07-18T12:36:40 IST" skipped="0">
  <testcase classname="testCases.TC_002_Login" name="verifyLogIn" time="2.294"/>
</testsuite> <!-- testCases.TC_002_Login -->
